e:\lab2\project1\project1\debug\vc142.pdb
e:\lab2\project1\project1\debug\vc142.idb
e:\lab2\project1\project1\debug\cgraphicobject.obj
e:\lab2\project1\project1\debug\source.obj
d:\аокг\лаб2\project1\project1\debug\vc142.pdb
d:\аокг\лаб2\project1\project1\debug\vc142.idb
d:\аокг\лаб2\project1\project1\debug\cgraphicobject.obj
d:\аокг\лаб2\project1\project1\debug\source.obj
d:\аокг\лабораторная2\project1\project1\debug\vc142.pdb
d:\аокг\лабораторная2\project1\project1\debug\vc142.idb
d:\аокг\лабораторная2\project1\project1\debug\source.obj
e:\lab2\project1\debug\project1.exe
e:\lab2\project1\project1\debug\project1.ilk
e:\lab2\project1\debug\project1.pdb
d:\аокг\лаб2\project1\debug\project1.exe
d:\аокг\лаб2\project1\project1\debug\project1.ilk
d:\аокг\лаб2\project1\debug\project1.pdb
d:\аокг\лабораторная2\project1\project1\debug\cgraphicobject.obj
d:\аокг\лабораторная2\project1\project1\debug\project1.ilk
d:\аокг\лабораторная2\project1\debug\project1.pdb
d:\аокг\лабораторная2\project1\debug\project1.exe
d:\аокг\лабораторная2\project1\debug\project1.ilk
d:\аокг\лабораторная2\project1\project1\debug\project1.tlog\cl.command.1.tlog
d:\аокг\лабораторная2\project1\project1\debug\project1.tlog\cl.read.1.tlog
d:\аокг\лабораторная2\project1\project1\debug\project1.tlog\cl.write.1.tlog
d:\аокг\лабораторная2\project1\project1\debug\project1.tlog\link.command.1.tlog
d:\аокг\лабораторная2\project1\project1\debug\project1.tlog\link.delete.1.tlog
d:\аокг\лабораторная2\project1\project1\debug\project1.tlog\link.read.1.tlog
d:\аокг\лабораторная2\project1\project1\debug\project1.tlog\link.write.1.tlog
